[
  {
    "line": 3,
    "elements": [
      {
        "line": 7,
        "name": "User is on the etsy home page",
        "description": "",
        "type": "background",
        "keyword": "Background",
        "steps": [
          {
            "result": {
              "error_message": "io.cucumber.core.exception.CucumberException: Failed to instantiate class com.cybertek.step_definitions.EtsyStepDefinitions\n\tat io.cucumber.core.runtime.ObjectFactoryServiceLoader$DefaultJavaObjectFactory.cacheNewInstance(ObjectFactoryServiceLoader.java:140)\n\tat io.cucumber.core.runtime.ObjectFactoryServiceLoader$DefaultJavaObjectFactory.getInstance(ObjectFactoryServiceLoader.java:124)\n\tat io.cucumber.java.AbstractGlueDefinition.invokeMethod(AbstractGlueDefinition.java:44)\n\tat io.cucumber.java.JavaStepDefinition.execute(JavaStepDefinition.java:29)\n\tat io.cucumber.core.runner.CoreStepDefinition.execute(CoreStepDefinition.java:64)\n\tat io.cucumber.core.runner.PickleStepDefinitionMatch.runStep(PickleStepDefinitionMatch.java:63)\n\tat io.cucumber.core.runner.TestStep.executeStep(TestStep.java:92)\n\tat io.cucumber.core.runner.TestStep.run(TestStep.java:63)\n\tat io.cucumber.core.runner.PickleStepTestStep.run(PickleStepTestStep.java:49)\n\tat io.cucumber.core.runner.TestCase.run(TestCase.java:99)\n\tat io.cucumber.core.runner.Runner.runPickle(Runner.java:71)\n\tat io.cucumber.junit.PickleRunners$NoStepDescriptions.run(PickleRunners.java:151)\n\tat io.cucumber.junit.FeatureRunner.runChild(FeatureRunner.java:135)\n\tat io.cucumber.junit.FeatureRunner.runChild(FeatureRunner.java:27)\n\tat org.junit.runners.ParentRunner$4.run(ParentRunner.java:331)\n\tat org.junit.runners.ParentRunner$1.schedule(ParentRunner.java:79)\n\tat org.junit.runners.ParentRunner.runChildren(ParentRunner.java:329)\n\tat org.junit.runners.ParentRunner.access$100(ParentRunner.java:66)\n\tat org.junit.runners.ParentRunner$2.evaluate(ParentRunner.java:293)\n\tat org.junit.runners.ParentRunner$3.evaluate(ParentRunner.java:306)\n\tat org.junit.runners.ParentRunner.run(ParentRunner.java:413)\n\tat io.cucumber.junit.Cucumber.runChild(Cucumber.java:198)\n\tat io.cucumber.junit.Cucumber.runChild(Cucumber.java:90)\n\tat org.junit.runners.ParentRunner$4.run(ParentRunner.java:331)\n\tat org.apache.maven.surefire.junitcore.pc.Scheduler$1.run(Scheduler.java:405)\n\tat java.base/java.util.concurrent.Executors$RunnableAdapter.call(Executors.java:515)\n\tat java.base/java.util.concurrent.FutureTask.run(FutureTask.java:264)\n\tat java.base/java.util.concurrent.ThreadPoolExecutor.runWorker(ThreadPoolExecutor.java:1130)\n\tat java.base/java.util.concurrent.ThreadPoolExecutor$Worker.run(ThreadPoolExecutor.java:630)\n\tat java.base/java.lang.Thread.run(Thread.java:832)\nCaused by: java.lang.reflect.InvocationTargetException\n\tat java.base/jdk.internal.reflect.NativeConstructorAccessorImpl.newInstance0(Native Method)\n\tat java.base/jdk.internal.reflect.NativeConstructorAccessorImpl.newInstance(NativeConstructorAccessorImpl.java:62)\n\tat java.base/jdk.internal.reflect.DelegatingConstructorAccessorImpl.newInstance(DelegatingConstructorAccessorImpl.java:45)\n\tat java.base/java.lang.reflect.Constructor.newInstanceWithCaller(Constructor.java:500)\n\tat java.base/java.lang.reflect.Constructor.newInstance(Constructor.java:481)\n\tat io.cucumber.core.runtime.ObjectFactoryServiceLoader$DefaultJavaObjectFactory.cacheNewInstance(ObjectFactoryServiceLoader.java:132)\n\t... 29 more\nCaused by: org.openqa.selenium.remote.UnreachableBrowserException: Could not start a new session. Possible causes are invalid address of the remote server or browser start-up failure.\nBuild info: version: \u00273.141.59\u0027, revision: \u0027e82be7d358\u0027, time: \u00272018-11-14T08:17:03\u0027\nSystem info: host: \u0027Aylins-MacBook-Pro.local\u0027, ip: \u0027fe80:0:0:0:11:e9b6:6069:e914%en0\u0027, os.name: \u0027Mac OS X\u0027, os.arch: \u0027x86_64\u0027, os.version: \u002710.15.6\u0027, java.version: \u002714.0.1\u0027\nDriver info: driver.version: Driver\n\tat org.openqa.selenium.remote.RemoteWebDriver.execute(RemoteWebDriver.java:573)\n\tat org.openqa.selenium.remote.RemoteWebDriver.startSession(RemoteWebDriver.java:213)\n\tat org.openqa.selenium.remote.RemoteWebDriver.\u003cinit\u003e(RemoteWebDriver.java:131)\n\tat org.openqa.selenium.remote.RemoteWebDriver.\u003cinit\u003e(RemoteWebDriver.java:144)\n\tat com.cybertek.utilities.Driver.getDriver(Driver.java:64)\n\tat com.cybertek.pages.EtsySearchPage.\u003cinit\u003e(EtsySearchPage.java:11)\n\tat com.cybertek.step_definitions.EtsyStepDefinitions.\u003cinit\u003e(EtsyStepDefinitions.java:13)\n\t... 35 more\nCaused by: java.net.ConnectException: Failed to connect to /18.206.13.27:4444\n\tat okhttp3.internal.connection.RealConnection.connectSocket(RealConnection.java:247)\n\tat okhttp3.internal.connection.RealConnection.connect(RealConnection.java:165)\n\tat okhttp3.internal.connection.StreamAllocation.findConnection(StreamAllocation.java:257)\n\tat okhttp3.internal.connection.StreamAllocation.findHealthyConnection(StreamAllocation.java:135)\n\tat okhttp3.internal.connection.StreamAllocation.newStream(StreamAllocation.java:114)\n\tat okhttp3.internal.connection.ConnectInterceptor.intercept(ConnectInterceptor.java:42)\n\tat okhttp3.internal.http.RealInterceptorChain.proceed(RealInterceptorChain.java:147)\n\tat okhttp3.internal.http.RealInterceptorChain.proceed(RealInterceptorChain.java:121)\n\tat okhttp3.internal.cache.CacheInterceptor.intercept(CacheInterceptor.java:93)\n\tat okhttp3.internal.http.RealInterceptorChain.proceed(RealInterceptorChain.java:147)\n\tat okhttp3.internal.http.RealInterceptorChain.proceed(RealInterceptorChain.java:121)\n\tat okhttp3.internal.http.BridgeInterceptor.intercept(BridgeInterceptor.java:93)\n\tat okhttp3.internal.http.RealInterceptorChain.proceed(RealInterceptorChain.java:147)\n\tat okhttp3.internal.http.RetryAndFollowUpInterceptor.intercept(RetryAndFollowUpInterceptor.java:126)\n\tat okhttp3.internal.http.RealInterceptorChain.proceed(RealInterceptorChain.java:147)\n\tat okhttp3.internal.http.RealInterceptorChain.proceed(RealInterceptorChain.java:121)\n\tat okhttp3.RealCall.getResponseWithInterceptorChain(RealCall.java:200)\n\tat okhttp3.RealCall.execute(RealCall.java:77)\n\tat org.openqa.selenium.remote.internal.OkHttpClient.execute(OkHttpClient.java:103)\n\tat org.openqa.selenium.remote.ProtocolHandshake.createSession(ProtocolHandshake.java:105)\n\tat org.openqa.selenium.remote.ProtocolHandshake.createSession(ProtocolHandshake.java:74)\n\tat org.openqa.selenium.remote.HttpCommandExecutor.execute(HttpCommandExecutor.java:136)\n\tat org.openqa.selenium.remote.RemoteWebDriver.execute(RemoteWebDriver.java:552)\n\t... 41 more\nCaused by: java.net.ConnectException: Operation timed out\n\tat java.base/sun.nio.ch.Net.pollConnect(Native Method)\n\tat java.base/sun.nio.ch.Net.pollConnectNow(Net.java:589)\n\tat java.base/sun.nio.ch.NioSocketImpl.timedFinishConnect(NioSocketImpl.java:549)\n\tat java.base/sun.nio.ch.NioSocketImpl.connect(NioSocketImpl.java:597)\n\tat java.base/java.net.SocksSocketImpl.connect(SocksSocketImpl.java:333)\n\tat java.base/java.net.Socket.connect(Socket.java:648)\n\tat okhttp3.internal.platform.Platform.connectSocket(Platform.java:129)\n\tat okhttp3.internal.connection.RealConnection.connectSocket(RealConnection.java:245)\n\t... 63 more\n",
              "duration": 75427138000,
              "status": "failed"
            },
            "before": [
              {
                "result": {
                  "duration": 21000,
                  "status": "passed"
                },
                "match": {
                  "location": "com.cybertek.step_definitions.Hooks.setUpStep()"
                }
              }
            ],
            "line": 8,
            "name": "User is on the Etsy home page",
            "match": {
              "location": "com.cybertek.step_definitions.EtsyStepDefinitions.user_is_on_the_etsy_home_page()"
            },
            "after": [
              {
                "result": {
                  "duration": 68000,
                  "status": "passed"
                },
                "match": {
                  "location": "com.cybertek.step_definitions.Hooks.tearDownStep()"
                }
              }
            ],
            "keyword": "Given "
          }
        ]
      },
      {
        "start_timestamp": "2020-08-01T22:41:47.894Z",
        "before": [
          {
            "result": {
              "duration": 62000,
              "status": "passed"
            },
            "match": {
              "location": "com.cybertek.step_definitions.Hooks.setUpScenario()"
            }
          }
        ],
        "line": 11,
        "name": "Title verification",
        "description": "",
        "id": "etsy-search-feature;title-verification",
        "after": [
          {
            "result": {
              "error_message": "org.openqa.selenium.remote.UnreachableBrowserException: Could not start a new session. Possible causes are invalid address of the remote server or browser start-up failure.\nBuild info: version: \u00273.141.59\u0027, revision: \u0027e82be7d358\u0027, time: \u00272018-11-14T08:17:03\u0027\nSystem info: host: \u0027Aylins-MacBook-Pro.local\u0027, ip: \u0027fe80:0:0:0:11:e9b6:6069:e914%en0\u0027, os.name: \u0027Mac OS X\u0027, os.arch: \u0027x86_64\u0027, os.version: \u002710.15.6\u0027, java.version: \u002714.0.1\u0027\nDriver info: driver.version: Driver\n\tat org.openqa.selenium.remote.RemoteWebDriver.execute(RemoteWebDriver.java:573)\n\tat org.openqa.selenium.remote.RemoteWebDriver.startSession(RemoteWebDriver.java:213)\n\tat org.openqa.selenium.remote.RemoteWebDriver.\u003cinit\u003e(RemoteWebDriver.java:131)\n\tat org.openqa.selenium.remote.RemoteWebDriver.\u003cinit\u003e(RemoteWebDriver.java:144)\n\tat com.cybertek.utilities.Driver.getDriver(Driver.java:64)\n\tat com.cybertek.step_definitions.Hooks.tearDownScenario(Hooks.java:39)\nCaused by: java.net.ConnectException: Failed to connect to /18.206.13.27:4444\n\tat okhttp3.internal.connection.RealConnection.connectSocket(RealConnection.java:247)\n\tat okhttp3.internal.connection.RealConnection.connect(RealConnection.java:165)\n\tat okhttp3.internal.connection.StreamAllocation.findConnection(StreamAllocation.java:257)\n\tat okhttp3.internal.connection.StreamAllocation.findHealthyConnection(StreamAllocation.java:135)\n\tat okhttp3.internal.connection.StreamAllocation.newStream(StreamAllocation.java:114)\n\tat okhttp3.internal.connection.ConnectInterceptor.intercept(ConnectInterceptor.java:42)\n\tat okhttp3.internal.http.RealInterceptorChain.proceed(RealInterceptorChain.java:147)\n\tat okhttp3.internal.http.RealInterceptorChain.proceed(RealInterceptorChain.java:121)\n\tat okhttp3.internal.cache.CacheInterceptor.intercept(CacheInterceptor.java:93)\n\tat okhttp3.internal.http.RealInterceptorChain.proceed(RealInterceptorChain.java:147)\n\tat okhttp3.internal.http.RealInterceptorChain.proceed(RealInterceptorChain.java:121)\n\tat okhttp3.internal.http.BridgeInterceptor.intercept(BridgeInterceptor.java:93)\n\tat okhttp3.internal.http.RealInterceptorChain.proceed(RealInterceptorChain.java:147)\n\tat okhttp3.internal.http.RetryAndFollowUpInterceptor.intercept(RetryAndFollowUpInterceptor.java:126)\n\tat okhttp3.internal.http.RealInterceptorChain.proceed(RealInterceptorChain.java:147)\n\tat okhttp3.internal.http.RealInterceptorChain.proceed(RealInterceptorChain.java:121)\n\tat okhttp3.RealCall.getResponseWithInterceptorChain(RealCall.java:200)\n\tat okhttp3.RealCall.execute(RealCall.java:77)\n\tat org.openqa.selenium.remote.internal.OkHttpClient.execute(OkHttpClient.java:103)\n\tat org.openqa.selenium.remote.ProtocolHandshake.createSession(ProtocolHandshake.java:105)\n\tat org.openqa.selenium.remote.ProtocolHandshake.createSession(ProtocolHandshake.java:74)\n\tat org.openqa.selenium.remote.HttpCommandExecutor.execute(HttpCommandExecutor.java:136)\n\tat org.openqa.selenium.remote.RemoteWebDriver.execute(RemoteWebDriver.java:552)\n\tat org.openqa.selenium.remote.RemoteWebDriver.startSession(RemoteWebDriver.java:213)\n\tat org.openqa.selenium.remote.RemoteWebDriver.\u003cinit\u003e(RemoteWebDriver.java:131)\n\tat org.openqa.selenium.remote.RemoteWebDriver.\u003cinit\u003e(RemoteWebDriver.java:144)\n\tat com.cybertek.utilities.Driver.getDriver(Driver.java:64)\n\tat com.cybertek.step_definitions.Hooks.tearDownScenario(Hooks.java:39)\n\tat java.base/jdk.internal.reflect.NativeMethodAccessorImpl.invoke0(Native Method)\n\tat java.base/jdk.internal.reflect.NativeMethodAccessorImpl.invoke(NativeMethodAccessorImpl.java:62)\n\tat java.base/jdk.internal.reflect.DelegatingMethodAccessorImpl.invoke(DelegatingMethodAccessorImpl.java:43)\n\tat java.base/java.lang.reflect.Method.invoke(Method.java:564)\n\tat io.cucumber.java.Invoker.doInvoke(Invoker.java:66)\n\tat io.cucumber.java.Invoker.invoke(Invoker.java:24)\n\tat io.cucumber.java.AbstractGlueDefinition.invokeMethod(AbstractGlueDefinition.java:44)\n\tat io.cucumber.java.JavaHookDefinition.execute(JavaHookDefinition.java:59)\n\tat io.cucumber.core.runner.CoreHookDefinition.execute(CoreHookDefinition.java:44)\n\tat io.cucumber.core.runner.HookDefinitionMatch.runStep(HookDefinitionMatch.java:21)\n\tat io.cucumber.core.runner.TestStep.executeStep(TestStep.java:92)\n\tat io.cucumber.core.runner.TestStep.run(TestStep.java:63)\n\tat io.cucumber.core.runner.TestCase.run(TestCase.java:103)\n\tat io.cucumber.core.runner.Runner.runPickle(Runner.java:71)\n\tat io.cucumber.junit.PickleRunners$NoStepDescriptions.run(PickleRunners.java:151)\n\tat io.cucumber.junit.FeatureRunner.runChild(FeatureRunner.java:135)\n\tat io.cucumber.junit.FeatureRunner.runChild(FeatureRunner.java:27)\n\tat org.junit.runners.ParentRunner$4.run(ParentRunner.java:331)\n\tat org.junit.runners.ParentRunner$1.schedule(ParentRunner.java:79)\n\tat org.junit.runners.ParentRunner.runChildren(ParentRunner.java:329)\n\tat org.junit.runners.ParentRunner.access$100(ParentRunner.java:66)\n\tat org.junit.runners.ParentRunner$2.evaluate(ParentRunner.java:293)\n\tat org.junit.runners.ParentRunner$3.evaluate(ParentRunner.java:306)\n\tat org.junit.runners.ParentRunner.run(ParentRunner.java:413)\n\tat io.cucumber.junit.Cucumber.runChild(Cucumber.java:198)\n\tat io.cucumber.junit.Cucumber.runChild(Cucumber.java:90)\n\tat org.junit.runners.ParentRunner$4.run(ParentRunner.java:331)\n\tat org.apache.maven.surefire.junitcore.pc.Scheduler$1.run(Scheduler.java:405)\n\tat java.base/java.util.concurrent.Executors$RunnableAdapter.call(Executors.java:515)\n\tat java.base/java.util.concurrent.FutureTask.run(FutureTask.java:264)\n\tat java.base/java.util.concurrent.ThreadPoolExecutor.runWorker(ThreadPoolExecutor.java:1130)\n\tat java.base/java.util.concurrent.ThreadPoolExecutor$Worker.run(ThreadPoolExecutor.java:630)\n\tat java.base/java.lang.Thread.run(Thread.java:832)\nCaused by: java.net.ConnectException: Operation timed out\n\tat java.base/sun.nio.ch.Net.pollConnect(Native Method)\n\tat java.base/sun.nio.ch.Net.pollConnectNow(Net.java:589)\n\tat java.base/sun.nio.ch.NioSocketImpl.timedFinishConnect(NioSocketImpl.java:549)\n\tat java.base/sun.nio.ch.NioSocketImpl.connect(NioSocketImpl.java:597)\n\tat java.base/java.net.SocksSocketImpl.connect(SocksSocketImpl.java:333)\n\tat java.base/java.net.Socket.connect(Socket.java:648)\n\tat okhttp3.internal.platform.Platform.connectSocket(Platform.java:129)\n\tat okhttp3.internal.connection.RealConnection.connectSocket(RealConnection.java:245)\n\t... 60 more\n",
              "duration": 75521180000,
              "status": "failed"
            },
            "match": {
              "location": "com.cybertek.step_definitions.Hooks.tearDownScenario(io.cucumber.java.Scenario)"
            }
          }
        ],
        "type": "scenario",
        "keyword": "Scenario",
        "steps": [
          {
            "result": {
              "duration": 17000,
              "status": "skipped"
            },
            "before": [
              {
                "result": {
                  "duration": 18000,
                  "status": "skipped"
                },
                "match": {
                  "location": "com.cybertek.step_definitions.Hooks.setUpStep()"
                }
              }
            ],
            "line": 12,
            "name": "User should see title is as expected",
            "match": {
              "location": "com.cybertek.step_definitions.EtsyStepDefinitions.user_should_see_title_is_as_expected()"
            },
            "after": [
              {
                "result": {
                  "duration": 17000,
                  "status": "skipped"
                },
                "match": {
                  "location": "com.cybertek.step_definitions.Hooks.tearDownStep()"
                }
              }
            ],
            "keyword": "Then "
          }
        ],
        "tags": [
          {
            "name": "@regression"
          },
          {
            "name": "@etsyAll"
          }
        ]
      },
      {
        "line": 7,
        "name": "User is on the etsy home page",
        "description": "",
        "type": "background",
        "keyword": "Background",
        "steps": [
          {
            "result": {
              "error_message": "io.cucumber.core.exception.CucumberException: Failed to instantiate class com.cybertek.step_definitions.EtsyStepDefinitions\n\tat io.cucumber.core.runtime.ObjectFactoryServiceLoader$DefaultJavaObjectFactory.cacheNewInstance(ObjectFactoryServiceLoader.java:140)\n\tat io.cucumber.core.runtime.ObjectFactoryServiceLoader$DefaultJavaObjectFactory.getInstance(ObjectFactoryServiceLoader.java:124)\n\tat io.cucumber.java.AbstractGlueDefinition.invokeMethod(AbstractGlueDefinition.java:44)\n\tat io.cucumber.java.JavaStepDefinition.execute(JavaStepDefinition.java:29)\n\tat io.cucumber.core.runner.CoreStepDefinition.execute(CoreStepDefinition.java:64)\n\tat io.cucumber.core.runner.PickleStepDefinitionMatch.runStep(PickleStepDefinitionMatch.java:63)\n\tat io.cucumber.core.runner.TestStep.executeStep(TestStep.java:92)\n\tat io.cucumber.core.runner.TestStep.run(TestStep.java:63)\n\tat io.cucumber.core.runner.PickleStepTestStep.run(PickleStepTestStep.java:49)\n\tat io.cucumber.core.runner.TestCase.run(TestCase.java:99)\n\tat io.cucumber.core.runner.Runner.runPickle(Runner.java:71)\n\tat io.cucumber.junit.PickleRunners$NoStepDescriptions.run(PickleRunners.java:151)\n\tat io.cucumber.junit.FeatureRunner.runChild(FeatureRunner.java:135)\n\tat io.cucumber.junit.FeatureRunner.runChild(FeatureRunner.java:27)\n\tat org.junit.runners.ParentRunner$4.run(ParentRunner.java:331)\n\tat org.junit.runners.ParentRunner$1.schedule(ParentRunner.java:79)\n\tat org.junit.runners.ParentRunner.runChildren(ParentRunner.java:329)\n\tat org.junit.runners.ParentRunner.access$100(ParentRunner.java:66)\n\tat org.junit.runners.ParentRunner$2.evaluate(ParentRunner.java:293)\n\tat org.junit.runners.ParentRunner$3.evaluate(ParentRunner.java:306)\n\tat org.junit.runners.ParentRunner.run(ParentRunner.java:413)\n\tat io.cucumber.junit.Cucumber.runChild(Cucumber.java:198)\n\tat io.cucumber.junit.Cucumber.runChild(Cucumber.java:90)\n\tat org.junit.runners.ParentRunner$4.run(ParentRunner.java:331)\n\tat org.apache.maven.surefire.junitcore.pc.Scheduler$1.run(Scheduler.java:405)\n\tat java.base/java.util.concurrent.Executors$RunnableAdapter.call(Executors.java:515)\n\tat java.base/java.util.concurrent.FutureTask.run(FutureTask.java:264)\n\tat java.base/java.util.concurrent.ThreadPoolExecutor.runWorker(ThreadPoolExecutor.java:1130)\n\tat java.base/java.util.concurrent.ThreadPoolExecutor$Worker.run(ThreadPoolExecutor.java:630)\n\tat java.base/java.lang.Thread.run(Thread.java:832)\nCaused by: java.lang.reflect.InvocationTargetException\n\tat java.base/jdk.internal.reflect.NativeConstructorAccessorImpl.newInstance0(Native Method)\n\tat java.base/jdk.internal.reflect.NativeConstructorAccessorImpl.newInstance(NativeConstructorAccessorImpl.java:62)\n\tat java.base/jdk.internal.reflect.DelegatingConstructorAccessorImpl.newInstance(DelegatingConstructorAccessorImpl.java:45)\n\tat java.base/java.lang.reflect.Constructor.newInstanceWithCaller(Constructor.java:500)\n\tat java.base/java.lang.reflect.Constructor.newInstance(Constructor.java:481)\n\tat io.cucumber.core.runtime.ObjectFactoryServiceLoader$DefaultJavaObjectFactory.cacheNewInstance(ObjectFactoryServiceLoader.java:132)\n\t... 29 more\nCaused by: org.openqa.selenium.remote.UnreachableBrowserException: Could not start a new session. Possible causes are invalid address of the remote server or browser start-up failure.\nBuild info: version: \u00273.141.59\u0027, revision: \u0027e82be7d358\u0027, time: \u00272018-11-14T08:17:03\u0027\nSystem info: host: \u0027Aylins-MacBook-Pro.local\u0027, ip: \u0027fe80:0:0:0:11:e9b6:6069:e914%en0\u0027, os.name: \u0027Mac OS X\u0027, os.arch: \u0027x86_64\u0027, os.version: \u002710.15.6\u0027, java.version: \u002714.0.1\u0027\nDriver info: driver.version: Driver\n\tat org.openqa.selenium.remote.RemoteWebDriver.execute(RemoteWebDriver.java:573)\n\tat org.openqa.selenium.remote.RemoteWebDriver.startSession(RemoteWebDriver.java:213)\n\tat org.openqa.selenium.remote.RemoteWebDriver.\u003cinit\u003e(RemoteWebDriver.java:131)\n\tat org.openqa.selenium.remote.RemoteWebDriver.\u003cinit\u003e(RemoteWebDriver.java:144)\n\tat com.cybertek.utilities.Driver.getDriver(Driver.java:64)\n\tat com.cybertek.pages.EtsySearchPage.\u003cinit\u003e(EtsySearchPage.java:11)\n\tat com.cybertek.step_definitions.EtsyStepDefinitions.\u003cinit\u003e(EtsyStepDefinitions.java:13)\n\t... 35 more\nCaused by: java.net.ConnectException: Failed to connect to /18.206.13.27:4444\n\tat okhttp3.internal.connection.RealConnection.connectSocket(RealConnection.java:247)\n\tat okhttp3.internal.connection.RealConnection.connect(RealConnection.java:165)\n\tat okhttp3.internal.connection.StreamAllocation.findConnection(StreamAllocation.java:257)\n\tat okhttp3.internal.connection.StreamAllocation.findHealthyConnection(StreamAllocation.java:135)\n\tat okhttp3.internal.connection.StreamAllocation.newStream(StreamAllocation.java:114)\n\tat okhttp3.internal.connection.ConnectInterceptor.intercept(ConnectInterceptor.java:42)\n\tat okhttp3.internal.http.RealInterceptorChain.proceed(RealInterceptorChain.java:147)\n\tat okhttp3.internal.http.RealInterceptorChain.proceed(RealInterceptorChain.java:121)\n\tat okhttp3.internal.cache.CacheInterceptor.intercept(CacheInterceptor.java:93)\n\tat okhttp3.internal.http.RealInterceptorChain.proceed(RealInterceptorChain.java:147)\n\tat okhttp3.internal.http.RealInterceptorChain.proceed(RealInterceptorChain.java:121)\n\tat okhttp3.internal.http.BridgeInterceptor.intercept(BridgeInterceptor.java:93)\n\tat okhttp3.internal.http.RealInterceptorChain.proceed(RealInterceptorChain.java:147)\n\tat okhttp3.internal.http.RetryAndFollowUpInterceptor.intercept(RetryAndFollowUpInterceptor.java:126)\n\tat okhttp3.internal.http.RealInterceptorChain.proceed(RealInterceptorChain.java:147)\n\tat okhttp3.internal.http.RealInterceptorChain.proceed(RealInterceptorChain.java:121)\n\tat okhttp3.RealCall.getResponseWithInterceptorChain(RealCall.java:200)\n\tat okhttp3.RealCall.execute(RealCall.java:77)\n\tat org.openqa.selenium.remote.internal.OkHttpClient.execute(OkHttpClient.java:103)\n\tat org.openqa.selenium.remote.ProtocolHandshake.createSession(ProtocolHandshake.java:105)\n\tat org.openqa.selenium.remote.ProtocolHandshake.createSession(ProtocolHandshake.java:74)\n\tat org.openqa.selenium.remote.HttpCommandExecutor.execute(HttpCommandExecutor.java:136)\n\tat org.openqa.selenium.remote.RemoteWebDriver.execute(RemoteWebDriver.java:552)\n\t... 41 more\nCaused by: java.net.ConnectException: Operation timed out\n\tat java.base/sun.nio.ch.Net.pollConnect(Native Method)\n\tat java.base/sun.nio.ch.Net.pollConnectNow(Net.java:589)\n\tat java.base/sun.nio.ch.NioSocketImpl.timedFinishConnect(NioSocketImpl.java:549)\n\tat java.base/sun.nio.ch.NioSocketImpl.connect(NioSocketImpl.java:597)\n\tat java.base/java.net.SocksSocketImpl.connect(SocksSocketImpl.java:333)\n\tat java.base/java.net.Socket.connect(Socket.java:648)\n\tat okhttp3.internal.platform.Platform.connectSocket(Platform.java:129)\n\tat okhttp3.internal.connection.RealConnection.connectSocket(RealConnection.java:245)\n\t... 63 more\n",
              "duration": 75304435000,
              "status": "failed"
            },
            "before": [
              {
                "result": {
                  "duration": 25000,
                  "status": "passed"
                },
                "match": {
                  "location": "com.cybertek.step_definitions.Hooks.setUpStep()"
                }
              }
            ],
            "line": 8,
            "name": "User is on the Etsy home page",
            "match": {
              "location": "com.cybertek.step_definitions.EtsyStepDefinitions.user_is_on_the_etsy_home_page()"
            },
            "after": [
              {
                "result": {
                  "duration": 45000,
                  "status": "passed"
                },
                "match": {
                  "location": "com.cybertek.step_definitions.Hooks.tearDownStep()"
                }
              }
            ],
            "keyword": "Given "
          }
        ]
      },
      {
        "start_timestamp": "2020-08-01T22:44:18.851Z",
        "before": [
          {
            "result": {
              "duration": 55000,
              "status": "passed"
            },
            "match": {
              "location": "com.cybertek.step_definitions.Hooks.setUpScenario()"
            }
          }
        ],
        "line": 18,
        "name": "Title verification after search term",
        "description": "",
        "id": "etsy-search-feature;title-verification-after-search-term",
        "after": [
          {
            "result": {
              "error_message": "org.openqa.selenium.remote.UnreachableBrowserException: Could not start a new session. Possible causes are invalid address of the remote server or browser start-up failure.\nBuild info: version: \u00273.141.59\u0027, revision: \u0027e82be7d358\u0027, time: \u00272018-11-14T08:17:03\u0027\nSystem info: host: \u0027Aylins-MacBook-Pro.local\u0027, ip: \u0027fe80:0:0:0:11:e9b6:6069:e914%en0\u0027, os.name: \u0027Mac OS X\u0027, os.arch: \u0027x86_64\u0027, os.version: \u002710.15.6\u0027, java.version: \u002714.0.1\u0027\nDriver info: driver.version: Driver\n\tat org.openqa.selenium.remote.RemoteWebDriver.execute(RemoteWebDriver.java:573)\n\tat org.openqa.selenium.remote.RemoteWebDriver.startSession(RemoteWebDriver.java:213)\n\tat org.openqa.selenium.remote.RemoteWebDriver.\u003cinit\u003e(RemoteWebDriver.java:131)\n\tat org.openqa.selenium.remote.RemoteWebDriver.\u003cinit\u003e(RemoteWebDriver.java:144)\n\tat com.cybertek.utilities.Driver.getDriver(Driver.java:64)\n\tat com.cybertek.step_definitions.Hooks.tearDownScenario(Hooks.java:39)\nCaused by: java.net.ConnectException: Failed to connect to /18.206.13.27:4444\n\tat okhttp3.internal.connection.RealConnection.connectSocket(RealConnection.java:247)\n\tat okhttp3.internal.connection.RealConnection.connect(RealConnection.java:165)\n\tat okhttp3.internal.connection.StreamAllocation.findConnection(StreamAllocation.java:257)\n\tat okhttp3.internal.connection.StreamAllocation.findHealthyConnection(StreamAllocation.java:135)\n\tat okhttp3.internal.connection.StreamAllocation.newStream(StreamAllocation.java:114)\n\tat okhttp3.internal.connection.ConnectInterceptor.intercept(ConnectInterceptor.java:42)\n\tat okhttp3.internal.http.RealInterceptorChain.proceed(RealInterceptorChain.java:147)\n\tat okhttp3.internal.http.RealInterceptorChain.proceed(RealInterceptorChain.java:121)\n\tat okhttp3.internal.cache.CacheInterceptor.intercept(CacheInterceptor.java:93)\n\tat okhttp3.internal.http.RealInterceptorChain.proceed(RealInterceptorChain.java:147)\n\tat okhttp3.internal.http.RealInterceptorChain.proceed(RealInterceptorChain.java:121)\n\tat okhttp3.internal.http.BridgeInterceptor.intercept(BridgeInterceptor.java:93)\n\tat okhttp3.internal.http.RealInterceptorChain.proceed(RealInterceptorChain.java:147)\n\tat okhttp3.internal.http.RetryAndFollowUpInterceptor.intercept(RetryAndFollowUpInterceptor.java:126)\n\tat okhttp3.internal.http.RealInterceptorChain.proceed(RealInterceptorChain.java:147)\n\tat okhttp3.internal.http.RealInterceptorChain.proceed(RealInterceptorChain.java:121)\n\tat okhttp3.RealCall.getResponseWithInterceptorChain(RealCall.java:200)\n\tat okhttp3.RealCall.execute(RealCall.java:77)\n\tat org.openqa.selenium.remote.internal.OkHttpClient.execute(OkHttpClient.java:103)\n\tat org.openqa.selenium.remote.ProtocolHandshake.createSession(ProtocolHandshake.java:105)\n\tat org.openqa.selenium.remote.ProtocolHandshake.createSession(ProtocolHandshake.java:74)\n\tat org.openqa.selenium.remote.HttpCommandExecutor.execute(HttpCommandExecutor.java:136)\n\tat org.openqa.selenium.remote.RemoteWebDriver.execute(RemoteWebDriver.java:552)\n\tat org.openqa.selenium.remote.RemoteWebDriver.startSession(RemoteWebDriver.java:213)\n\tat org.openqa.selenium.remote.RemoteWebDriver.\u003cinit\u003e(RemoteWebDriver.java:131)\n\tat org.openqa.selenium.remote.RemoteWebDriver.\u003cinit\u003e(RemoteWebDriver.java:144)\n\tat com.cybertek.utilities.Driver.getDriver(Driver.java:64)\n\tat com.cybertek.step_definitions.Hooks.tearDownScenario(Hooks.java:39)\n\tat java.base/jdk.internal.reflect.NativeMethodAccessorImpl.invoke0(Native Method)\n\tat java.base/jdk.internal.reflect.NativeMethodAccessorImpl.invoke(NativeMethodAccessorImpl.java:62)\n\tat java.base/jdk.internal.reflect.DelegatingMethodAccessorImpl.invoke(DelegatingMethodAccessorImpl.java:43)\n\tat java.base/java.lang.reflect.Method.invoke(Method.java:564)\n\tat io.cucumber.java.Invoker.doInvoke(Invoker.java:66)\n\tat io.cucumber.java.Invoker.invoke(Invoker.java:24)\n\tat io.cucumber.java.AbstractGlueDefinition.invokeMethod(AbstractGlueDefinition.java:44)\n\tat io.cucumber.java.JavaHookDefinition.execute(JavaHookDefinition.java:59)\n\tat io.cucumber.core.runner.CoreHookDefinition.execute(CoreHookDefinition.java:44)\n\tat io.cucumber.core.runner.HookDefinitionMatch.runStep(HookDefinitionMatch.java:21)\n\tat io.cucumber.core.runner.TestStep.executeStep(TestStep.java:92)\n\tat io.cucumber.core.runner.TestStep.run(TestStep.java:63)\n\tat io.cucumber.core.runner.TestCase.run(TestCase.java:103)\n\tat io.cucumber.core.runner.Runner.runPickle(Runner.java:71)\n\tat io.cucumber.junit.PickleRunners$NoStepDescriptions.run(PickleRunners.java:151)\n\tat io.cucumber.junit.FeatureRunner.runChild(FeatureRunner.java:135)\n\tat io.cucumber.junit.FeatureRunner.runChild(FeatureRunner.java:27)\n\tat org.junit.runners.ParentRunner$4.run(ParentRunner.java:331)\n\tat org.junit.runners.ParentRunner$1.schedule(ParentRunner.java:79)\n\tat org.junit.runners.ParentRunner.runChildren(ParentRunner.java:329)\n\tat org.junit.runners.ParentRunner.access$100(ParentRunner.java:66)\n\tat org.junit.runners.ParentRunner$2.evaluate(ParentRunner.java:293)\n\tat org.junit.runners.ParentRunner$3.evaluate(ParentRunner.java:306)\n\tat org.junit.runners.ParentRunner.run(ParentRunner.java:413)\n\tat io.cucumber.junit.Cucumber.runChild(Cucumber.java:198)\n\tat io.cucumber.junit.Cucumber.runChild(Cucumber.java:90)\n\tat org.junit.runners.ParentRunner$4.run(ParentRunner.java:331)\n\tat org.apache.maven.surefire.junitcore.pc.Scheduler$1.run(Scheduler.java:405)\n\tat java.base/java.util.concurrent.Executors$RunnableAdapter.call(Executors.java:515)\n\tat java.base/java.util.concurrent.FutureTask.run(FutureTask.java:264)\n\tat java.base/java.util.concurrent.ThreadPoolExecutor.runWorker(ThreadPoolExecutor.java:1130)\n\tat java.base/java.util.concurrent.ThreadPoolExecutor$Worker.run(ThreadPoolExecutor.java:630)\n\tat java.base/java.lang.Thread.run(Thread.java:832)\nCaused by: java.net.ConnectException: Operation timed out\n\tat java.base/sun.nio.ch.Net.pollConnect(Native Method)\n\tat java.base/sun.nio.ch.Net.pollConnectNow(Net.java:589)\n\tat java.base/sun.nio.ch.NioSocketImpl.timedFinishConnect(NioSocketImpl.java:549)\n\tat java.base/sun.nio.ch.NioSocketImpl.connect(NioSocketImpl.java:597)\n\tat java.base/java.net.SocksSocketImpl.connect(SocksSocketImpl.java:333)\n\tat java.base/java.net.Socket.connect(Socket.java:648)\n\tat okhttp3.internal.platform.Platform.connectSocket(Platform.java:129)\n\tat okhttp3.internal.connection.RealConnection.connectSocket(RealConnection.java:245)\n\t... 60 more\n",
              "duration": 75284567000,
              "status": "failed"
            },
            "match": {
              "location": "com.cybertek.step_definitions.Hooks.tearDownScenario(io.cucumber.java.Scenario)"
            }
          }
        ],
        "type": "scenario",
        "keyword": "Scenario",
        "steps": [
          {
            "result": {
              "duration": 8000,
              "status": "skipped"
            },
            "before": [
              {
                "result": {
                  "duration": 8000,
                  "status": "skipped"
                },
                "match": {
                  "location": "com.cybertek.step_definitions.Hooks.setUpStep()"
                }
              }
            ],
            "line": 19,
            "name": "User searches \"apple\" in the search box",
            "match": {
              "arguments": [
                {
                  "val": "\"apple\"",
                  "offset": 14
                }
              ],
              "location": "com.cybertek.step_definitions.EtsyStepDefinitions.userSearchesInTheSearchBox(java.lang.String)"
            },
            "after": [
              {
                "result": {
                  "duration": 7000,
                  "status": "skipped"
                },
                "match": {
                  "location": "com.cybertek.step_definitions.Hooks.tearDownStep()"
                }
              }
            ],
            "keyword": "When "
          },
          {
            "result": {
              "duration": 7000,
              "status": "skipped"
            },
            "before": [
              {
                "result": {
                  "duration": 27000,
                  "status": "skipped"
                },
                "match": {
                  "location": "com.cybertek.step_definitions.Hooks.setUpStep()"
                }
              }
            ],
            "line": 20,
            "name": "User clicks to search button",
            "match": {
              "location": "com.cybertek.step_definitions.EtsyStepDefinitions.userClicksToSearchButton()"
            },
            "after": [
              {
                "result": {
                  "duration": 7000,
                  "status": "skipped"
                },
                "match": {
                  "location": "com.cybertek.step_definitions.Hooks.tearDownStep()"
                }
              }
            ],
            "keyword": "And "
          },
          {
            "result": {
              "duration": 7000,
              "status": "skipped"
            },
            "before": [
              {
                "result": {
                  "duration": 7000,
                  "status": "skipped"
                },
                "match": {
                  "location": "com.cybertek.step_definitions.Hooks.setUpStep()"
                }
              }
            ],
            "line": 21,
            "name": "User should see \"Apple\" in the Etsy title",
            "match": {
              "arguments": [
                {
                  "val": "\"Apple\"",
                  "offset": 16
                }
              ],
              "location": "com.cybertek.step_definitions.EtsyStepDefinitions.userShouldSeeInTheEtsyTitle(java.lang.String)"
            },
            "after": [
              {
                "result": {
                  "duration": 7000,
                  "status": "skipped"
                },
                "match": {
                  "location": "com.cybertek.step_definitions.Hooks.tearDownStep()"
                }
              }
            ],
            "keyword": "Then "
          }
        ],
        "tags": [
          {
            "name": "@regression"
          },
          {
            "name": "@etsyAll"
          },
          {
            "name": "@etsyWip"
          }
        ]
      }
    ],
    "name": "Etsy search feature",
    "description": "  Agile story: User should be able to enter search terms and see\n  relevant results in the page and in the title.",
    "id": "etsy-search-feature",
    "keyword": "Feature",
    "uri": "file:src/test/resources/features/EtsySearch.feature",
    "tags": [
      {
        "name": "@regression",
        "type": "Tag",
        "location": {
          "line": 1,
          "column": 1
        }
      },
      {
        "name": "@etsyAll",
        "type": "Tag",
        "location": {
          "line": 2,
          "column": 1
        }
      }
    ]
  }
]